[00:32:55] [ServerMain/INFO]: [bootstrap] Running Java 21 (OpenJDK 64-Bit Server VM 21.0.5+11-Ubuntu-1ubuntu120.04; Ubuntu null) on Linux 6.5.0-1025-azure (amd64)
[00:32:55] [ServerMain/INFO]: [bootstrap] Loading Paper 1.21.1-57-master@b483da4 (2024-09-01T18:09:05Z) for Minecraft 1.21.1
[00:32:56] [ServerMain/INFO]: [PluginInitializerManager] Initializing plugins...
[00:32:56] [Paper Plugin Remapper Thread - 2/INFO]: [PluginRemapper] Remapping plugin 'plugins/SkinsRestorer.jar'...
[00:32:58] [Paper Plugin Remapper Thread - 2/INFO]: [PluginRemapper] Done remapping plugin 'plugins/SkinsRestorer.jar' in 2219ms.
[00:32:58] [ServerMain/INFO]: [PluginInitializerManager] Initialized 2 plugins
[00:32:58] [ServerMain/INFO]: [PluginInitializerManager] Bukkit plugins (2):
 - Chunky (1.4.28), SkinsRestorer (15.5.1)
[00:33:02] [ServerMain/INFO]: Environment: Environment[sessionHost=https://sessionserver.mojang.com, servicesHost=https://api.minecraftservices.com, name=PROD]
[00:33:03] [ServerMain/INFO]: Loaded 1290 recipes
[00:33:04] [ServerMain/INFO]: Loaded 1399 advancements
[00:33:04] [Server thread/INFO]: Starting minecraft server version 1.21.1
[00:33:04] [Server thread/INFO]: Loading properties
[00:33:04] [Server thread/INFO]: This server is running Paper version 1.21.1-57-master@b483da4 (2024-09-01T18:09:05Z) (Implementing API version 1.21.1-R0.1-SNAPSHOT)
[00:33:05] [Server thread/INFO]: [spark] This server bundles the spark profiler. For more information please visit https://docs.papermc.io/paper/profiling
[00:33:05] [Server thread/INFO]: Using 4 threads for Netty based IO
[00:33:05] [Server thread/INFO]: Server Ping Player Sample Count: 12
[00:33:06] [Server thread/INFO]: [ChunkTaskScheduler] Chunk system is using 1 I/O threads, 1 worker threads, and population gen parallelism of 1 threads
[00:33:06] [Server thread/INFO]: Default game type: SURVIVAL
[00:33:06] [Server thread/INFO]: Generating keypair
[00:33:06] [Server thread/INFO]: Starting Minecraft server on *:25565
[00:33:06] [Server thread/INFO]: Using epoll channel type
[00:33:06] [Server thread/INFO]: Paper: Using libdeflate (Linux x86_64) compression from Velocity.
[00:33:06] [Server thread/INFO]: Paper: Using OpenSSL 1.1.x (Linux x86_64) cipher from Velocity.
[00:33:06] [Server thread/INFO]: [SkinsRestorer] Loading server plugin SkinsRestorer v15.5.1
[00:33:06] [Server thread/INFO]: [Chunky] Loading server plugin Chunky v1.4.28
[00:33:06] [Server thread/INFO]: Server permissions file permissions.yml is empty, ignoring it
[00:33:06] [Server thread/INFO]: [SkinsRestorer] Enabling SkinsRestorer v15.5.1
[00:33:07] [Server thread/WARN]: [SkinsRestorer] You must agree to the rules at 'commands.perSkinPermissionsConsent' in the config to use per skin permissions.
[00:33:08] [Server thread/INFO]: [SkinsRestorer] Running on Minecraft 1.21.1.
[00:33:09] [Server thread/INFO]: [SkinsRestorer] Using paper join listener!
[00:33:09] [Server thread/WARN]: **** SERVER IS RUNNING IN OFFLINE/INSECURE MODE!
[00:33:09] [Server thread/WARN]: The server will make no attempt to authenticate usernames. Beware.
[00:33:09] [Server thread/WARN]: While this makes the game possible to play without internet access, it also opens up the ability for hackers to connect with any username they choose.
[00:33:09] [Server thread/WARN]: To change this, set "online-mode" to "true" in the server.properties file.
[00:33:09] [Server thread/INFO]: Preparing level "world"
[00:33:09] [Folia Async Scheduler Thread #1/INFO]: [SkinsRestorer] ----------------------------------------------
[00:33:09] [Folia Async Scheduler Thread #1/INFO]: [SkinsRestorer]     +==================+
[00:33:09] [Folia Async Scheduler Thread #1/INFO]: [SkinsRestorer]     |   SkinsRestorer  |
[00:33:09] [Folia Async Scheduler Thread #1/INFO]: [SkinsRestorer]     |------------------|
[00:33:09] [Folia Async Scheduler Thread #1/INFO]: [SkinsRestorer]     |  Standalone Mode |
[00:33:09] [Folia Async Scheduler Thread #1/INFO]: [SkinsRestorer]     +==================+
[00:33:09] [Folia Async Scheduler Thread #1/INFO]: [SkinsRestorer] ----------------------------------------------
[00:33:09] [Folia Async Scheduler Thread #1/INFO]: [SkinsRestorer]     Version: 15.5.1
[00:33:09] [Folia Async Scheduler Thread #1/INFO]: [SkinsRestorer]     Commit: d5d8613
[00:33:09] [Folia Async Scheduler Thread #1/INFO]: [SkinsRestorer]     This is the latest version!
[00:33:09] [Folia Async Scheduler Thread #1/INFO]: [SkinsRestorer] ----------------------------------------------
[00:33:09] [Folia Async Scheduler Thread #1/INFO]: [SkinsRestorer] Do you have issues? Read our troubleshooting guide: https://skinsrestorer.net/docs/troubleshooting
[00:33:09] [Folia Async Scheduler Thread #1/INFO]: [SkinsRestorer] Want to support SkinsRestorer? Consider donating: https://skinsrestorer.net/donate
[00:33:10] [Server thread/INFO]: Preparing start region for dimension minecraft:overworld
[00:33:11] [Server thread/INFO]: Time elapsed: 1061 ms
[00:33:11] [Server thread/INFO]: Preparing start region for dimension minecraft:the_nether
[00:33:11] [Server thread/INFO]: Time elapsed: 141 ms
[00:33:11] [Server thread/INFO]: Preparing start region for dimension minecraft:the_end
[00:33:11] [Server thread/INFO]: Time elapsed: 111 ms
[00:33:11] [Server thread/INFO]: [Chunky] Enabling Chunky v1.4.28
[00:33:11] [Server thread/INFO]: [spark] Starting background profiler...
[00:33:12] [Server thread/INFO]: Done preparing level "world" (2.329s)
[00:33:12] [Server thread/INFO]: Running delayed init tasks
[00:33:12] [Server thread/INFO]: Done (17.255s)! For help, type "help"
[00:33:12] [Server thread/INFO]: Timings Reset
[00:33:20] [User Authenticator #0/INFO]: UUID of player mikann99 is 6f599f09-fb48-3f34-b11f-b885d2609d74
[00:33:22] [Server thread/INFO]: mikann99 joined the game
[00:33:22] [Server thread/INFO]: mikann99[/[0:0:0:0:0:0:0:1%0]:59060] logged in with entity id 98 at ([world]-46.57345594286751, 62.0, 61.30000001192093)
[00:36:00] [Server thread/INFO]: Unknown or incomplete command, see below for error
serveo.net:33691 serveo.net:33691 serveo.net:33691 op mikannxly<--[HERE]
[00:36:12] [Server thread/INFO]: Unknown or incomplete command, see below for error
/op 99mikann<--[HERE]
[00:36:25] [Server thread/INFO]: Unknown or incomplete command, see below for error
/op mikann99<--[HERE]
[00:37:02] [Server thread/INFO]: Unknown or incomplete command, see below for error
/gamemode creative mikann99<--[HERE]
[00:37:28] [Server thread/INFO]: --------- Help: Index ---------------------------
[00:37:28] [Server thread/INFO]: Use /help [n] to get page n of help.
[00:37:28] [Server thread/INFO]: Aliases: Lists command aliases
[00:37:28] [Server thread/INFO]: Bukkit: All commands for Bukkit
[00:37:28] [Server thread/INFO]: Chunky: All commands for Chunky
[00:37:28] [Server thread/INFO]: Minecraft: All commands for Minecraft
[00:37:28] [Server thread/INFO]: SkinsRestorer: All commands for SkinsRestorer
[00:37:28] [Server thread/INFO]: /advancement: A Mojang provided command.
[00:37:28] [Server thread/INFO]: /attribute: A Mojang provided command.
[00:37:28] [Server thread/INFO]: /ban: A Mojang provided command.
[00:37:28] [Server thread/INFO]: /ban-ip: A Mojang provided command.
[00:37:28] [Server thread/INFO]: /banlist: A Mojang provided command.
[00:37:28] [Server thread/INFO]: /bossbar: A Mojang provided command.
[00:37:28] [Server thread/INFO]: /callback: ClickEvent callback
[00:37:28] [Server thread/INFO]: /chunky: Generates chunks
[00:37:28] [Server thread/INFO]: /clear: A Mojang provided command.
[00:37:28] [Server thread/INFO]: /clone: A Mojang provided command.
[00:37:28] [Server thread/INFO]: /damage: A Mojang provided command.
[00:37:28] [Server thread/INFO]: /data: A Mojang provided command.
[00:37:28] [Server thread/INFO]: /datapack: A Mojang provided command.
[00:37:28] [Server thread/INFO]: /debug: A Mojang provided command.
[00:37:28] [Server thread/INFO]: /defaultgamemode: A Mojang provided command.
[00:37:28] [Server thread/INFO]: /deop: A Mojang provided command.
[00:37:28] [Server thread/INFO]: /difficulty: A Mojang provided command.
[00:37:28] [Server thread/INFO]: /effect: A Mojang provided command.
[00:37:28] [Server thread/INFO]: /enchant: A Mojang provided command.
[00:37:28] [Server thread/INFO]: /execute: A Mojang provided command.
[00:37:28] [Server thread/INFO]: /experience: A Mojang provided command.
[00:37:28] [Server thread/INFO]: /fill: A Mojang provided command.
[00:37:28] [Server thread/INFO]: /fillbiome: A Mojang provided command.
[00:37:28] [Server thread/INFO]: /forceload: A Mojang provided command.
[00:37:28] [Server thread/INFO]: /function: A Mojang provided command.
[00:37:28] [Server thread/INFO]: /gamemode: A Mojang provided command.
[00:37:28] [Server thread/INFO]: /gamerule: A Mojang provided command.
[00:37:28] [Server thread/INFO]: /give: A Mojang provided command.
[00:37:28] [Server thread/INFO]: /help: Shows the help menu
[00:37:28] [Server thread/INFO]: /item: A Mojang provided command.
[00:37:28] [Server thread/INFO]: /jfr: A Mojang provided command.
[00:37:28] [Server thread/INFO]: /kick: A Mojang provided command.
[00:37:28] [Server thread/INFO]: /kill: A Mojang provided command.
[00:37:28] [Server thread/INFO]: /list: A Mojang provided command.
[00:37:28] [Server thread/INFO]: /locate: A Mojang provided command.
[00:37:28] [Server thread/INFO]: /loot: A Mojang provided command.
[00:37:28] [Server thread/INFO]: /me: A Mojang provided command.
[00:37:28] [Server thread/INFO]: /minecraft:advancement: A Mojang provided command.
[00:37:28] [Server thread/INFO]: /minecraft:attribute: A Mojang provided command.
[00:37:28] [Server thread/INFO]: /minecraft:ban: A Mojang provided command.
[00:37:28] [Server thread/INFO]: /minecraft:ban-ip: A Mojang provided command.
[00:37:28] [Server thread/INFO]: /minecraft:banlist: A Mojang provided command.
[00:37:28] [Server thread/INFO]: /minecraft:bossbar: A Mojang provided command.
[00:37:28] [Server thread/INFO]: /minecraft:clear: A Mojang provided command.
[00:37:28] [Server thread/INFO]: /minecraft:clone: A Mojang provided command.
[00:37:28] [Server thread/INFO]: /minecraft:damage: A Mojang provided command.
[00:37:28] [Server thread/INFO]: /minecraft:data: A Mojang provided command.
[00:37:28] [Server thread/INFO]: /minecraft:datapack: A Mojang provided command.
[00:37:28] [Server thread/INFO]: /minecraft:debug: A Mojang provided command.
[00:37:28] [Server thread/INFO]: /minecraft:defaultgamemode: A Mojang provided command.
[00:37:28] [Server thread/INFO]: /minecraft:deop: A Mojang provided command.
[00:37:28] [Server thread/INFO]: /minecraft:difficulty: A Mojang provided command.
[00:37:28] [Server thread/INFO]: /minecraft:effect: A Mojang provided command.
[00:37:28] [Server thread/INFO]: /minecraft:enchant: A Mojang provided command.
[00:37:28] [Server thread/INFO]: /minecraft:execute: A Mojang provided command.
[00:37:28] [Server thread/INFO]: /minecraft:experience: A Mojang provided command.
[00:37:28] [Server thread/INFO]: /minecraft:fill: A Mojang provided command.
[00:37:28] [Server thread/INFO]: /minecraft:fillbiome: A Mojang provided command.
[00:37:28] [Server thread/INFO]: /minecraft:forceload: A Mojang provided command.
[00:37:28] [Server thread/INFO]: /minecraft:function: A Mojang provided command.
[00:37:28] [Server thread/INFO]: /minecraft:gamemode: A Mojang provided command.
[00:37:28] [Server thread/INFO]: /minecraft:gamerule: A Mojang provided command.
[00:37:28] [Server thread/INFO]: /minecraft:give: A Mojang provided command.
[00:37:28] [Server thread/INFO]: /minecraft:help: A Mojang provided command.
[00:37:28] [Server thread/INFO]: /minecraft:item: A Mojang provided command.
[00:37:28] [Server thread/INFO]: /minecraft:jfr: A Mojang provided command.
[00:37:28] [Server thread/INFO]: /minecraft:kick: A Mojang provided command.
[00:37:28] [Server thread/INFO]: /minecraft:kill: A Mojang provided command.
[00:37:28] [Server thread/INFO]: /minecraft:list: A Mojang provided command.
[00:37:28] [Server thread/INFO]: /minecraft:locate: A Mojang provided command.
[00:37:28] [Server thread/INFO]: /minecraft:loot: A Mojang provided command.
[00:37:28] [Server thread/INFO]: /minecraft:me: A Mojang provided command.
[00:37:28] [Server thread/INFO]: /minecraft:msg: A Mojang provided command.
[00:37:28] [Server thread/INFO]: /minecraft:op: A Mojang provided command.
[00:37:28] [Server thread/INFO]: /minecraft:pardon: A Mojang provided command.
[00:37:28] [Server thread/INFO]: /minecraft:pardon-ip: A Mojang provided command.
[00:37:28] [Server thread/INFO]: /minecraft:particle: A Mojang provided command.
[00:37:28] [Server thread/INFO]: /minecraft:perf: A Mojang provided command.
[00:37:28] [Server thread/INFO]: /minecraft:place: A Mojang provided command.
[00:37:28] [Server thread/INFO]: /minecraft:playsound: A Mojang provided command.
[00:37:28] [Server thread/INFO]: /minecraft:random: A Mojang provided command.
[00:37:28] [Server thread/INFO]: /minecraft:recipe: A Mojang provided command.
[00:37:28] [Server thread/INFO]: /minecraft:reload: A Mojang provided command.
[00:37:28] [Server thread/INFO]: /minecraft:return: A Mojang provided command.
[00:37:28] [Server thread/INFO]: /minecraft:ride: A Mojang provided command.
[00:37:28] [Server thread/INFO]: /minecraft:save-all: A Mojang provided command.
[00:37:28] [Server thread/INFO]: /minecraft:save-off: A Mojang provided command.
[00:37:28] [Server thread/INFO]: /minecraft:save-on: A Mojang provided command.
[00:37:28] [Server thread/INFO]: /minecraft:say: A Mojang provided command.
[00:37:28] [Server thread/INFO]: /minecraft:schedule: A Mojang provided command.
[00:37:28] [Server thread/INFO]: /minecraft:scoreboard: A Mojang provided command.
[00:37:28] [Server thread/INFO]: /minecraft:seed: A Mojang provided command.
[00:37:28] [Server thread/INFO]: /minecraft:setblock: A Mojang provided command.
[00:37:28] [Server thread/INFO]: /minecraft:setidletimeout: A Mojang provided command.
[00:37:28] [Server thread/INFO]: /minecraft:setworldspawn: A Mojang provided command.
[00:37:28] [Server thread/INFO]: /minecraft:spawnpoint: A Mojang provided command.
[00:37:28] [Server thread/INFO]: /minecraft:spectate: A Mojang provided command.
[00:37:28] [Server thread/INFO]: /minecraft:spreadplayers: A Mojang provided command.
[00:37:28] [Server thread/INFO]: /minecraft:stop: A Mojang provided command.
[00:37:28] [Server thread/INFO]: /minecraft:stopsound: A Mojang provided command.
[00:37:28] [Server thread/INFO]: /minecraft:summon: A Mojang provided command.
[00:37:28] [Server thread/INFO]: /minecraft:tag: A Mojang provided command.
[00:37:28] [Server thread/INFO]: /minecraft:team: A Mojang provided command.
[00:37:28] [Server thread/INFO]: /minecraft:teammsg: A Mojang provided command.
[00:37:28] [Server thread/INFO]: /minecraft:teleport: A Mojang provided command.
[00:37:28] [Server thread/INFO]: /minecraft:tell: A Mojang provided command.
[00:37:28] [Server thread/INFO]: /minecraft:tellraw: A Mojang provided command.
[00:37:28] [Server thread/INFO]: /minecraft:tick: A Mojang provided command.
[00:37:28] [Server thread/INFO]: /minecraft:time: A Mojang provided command.
[00:37:28] [Server thread/INFO]: /minecraft:title: A Mojang provided command.
[00:37:28] [Server thread/INFO]: /minecraft:tm: A Mojang provided command.
[00:37:28] [Server thread/INFO]: /minecraft:tp: A Mojang provided command.
[00:37:28] [Server thread/INFO]: /minecraft:transfer: A Mojang provided command.
[00:37:28] [Server thread/INFO]: /minecraft:trigger: A Mojang provided command.
[00:37:28] [Server thread/INFO]: /minecraft:w: A Mojang provided command.
[00:37:28] [Server thread/INFO]: /minecraft:weather: A Mojang provided command.
[00:37:28] [Server thread/INFO]: /minecraft:whitelist: A Mojang provided command.
[00:37:28] [Server thread/INFO]: /minecraft:worldborder: A Mojang provided command.
[00:37:28] [Server thread/INFO]: /minecraft:xp: A Mojang provided command.
[00:37:28] [Server thread/INFO]: /msg: A Mojang provided command.
[00:37:28] [Server thread/INFO]: /mspt: View server tick times
[00:37:28] [Server thread/INFO]: /op: A Mojang provided command.
[00:37:28] [Server thread/INFO]: /paper: Paper related commands
[00:37:28] [Server thread/INFO]: /paper:spark: 
[00:37:28] [Server thread/INFO]: /pardon: A Mojang provided command.
[00:37:28] [Server thread/INFO]: /pardon-ip: A Mojang provided command.
[00:37:28] [Server thread/INFO]: /particle: A Mojang provided command.
[00:37:28] [Server thread/INFO]: /perf: A Mojang provided command.
[00:37:28] [Server thread/INFO]: /place: A Mojang provided command.
[00:37:28] [Server thread/INFO]: /playsound: A Mojang provided command.
[00:37:28] [Server thread/INFO]: /plugins: Gets a list of plugins running on the server
[00:37:28] [Server thread/INFO]: /random: A Mojang provided command.
[00:37:28] [Server thread/INFO]: /recipe: A Mojang provided command.
[00:37:28] [Server thread/INFO]: /reload: Reloads the server configuration and plugins
[00:37:28] [Server thread/INFO]: /restart: Restarts the server
[00:37:28] [Server thread/INFO]: /return: A Mojang provided command.
[00:37:28] [Server thread/INFO]: /ride: A Mojang provided command.
[00:37:28] [Server thread/INFO]: /save-all: A Mojang provided command.
[00:37:28] [Server thread/INFO]: /save-off: A Mojang provided command.
[00:37:28] [Server thread/INFO]: /save-on: A Mojang provided command.
[00:37:28] [Server thread/INFO]: /say: A Mojang provided command.
[00:37:28] [Server thread/INFO]: /schedule: A Mojang provided command.
[00:37:28] [Server thread/INFO]: /scoreboard: A Mojang provided command.
[00:37:28] [Server thread/INFO]: /seed: A Mojang provided command.
[00:37:28] [Server thread/INFO]: /setblock: A Mojang provided command.
[00:37:28] [Server thread/INFO]: /setidletimeout: A Mojang provided command.
[00:37:28] [Server thread/INFO]: /setworldspawn: A Mojang provided command.
[00:37:28] [Server thread/INFO]: /skin: Changes your own skin.
[00:37:28] [Server thread/INFO]: /skins: Opens the skins GUI.
[00:37:28] [Server thread/INFO]: /skinsrestorer: Admin commands for SkinsRestorer.
[00:37:28] [Server thread/INFO]: /skinsrestorer:skin: Changes your own skin.
[00:37:28] [Server thread/INFO]: /skinsrestorer:skins: Opens the skins GUI.
[00:37:28] [Server thread/INFO]: /skinsrestorer:skinsrestorer: Admin commands for SkinsRestorer.
[00:37:28] [Server thread/INFO]: /skinsrestorer:sr: Admin commands for SkinsRestorer.
[00:37:28] [Server thread/INFO]: /spark: 
[00:37:28] [Server thread/INFO]: /spawnpoint: A Mojang provided command.
[00:37:28] [Server thread/INFO]: /spectate: A Mojang provided command.
[00:37:28] [Server thread/INFO]: /spigot: Spigot related commands
[00:37:28] [Server thread/INFO]: /spreadplayers: A Mojang provided command.
[00:37:28] [Server thread/INFO]: /sr: Admin commands for SkinsRestorer.
[00:37:28] [Server thread/INFO]: /stop: A Mojang provided command.
[00:37:28] [Server thread/INFO]: /stopsound: A Mojang provided command.
[00:37:28] [Server thread/INFO]: /summon: A Mojang provided command.
[00:37:28] [Server thread/INFO]: /tag: A Mojang provided command.
[00:37:28] [Server thread/INFO]: /team: A Mojang provided command.
[00:37:28] [Server thread/INFO]: /teammsg: A Mojang provided command.
[00:37:28] [Server thread/INFO]: /teleport: A Mojang provided command.
[00:37:28] [Server thread/INFO]: /tell: A Mojang provided command.
[00:37:28] [Server thread/INFO]: /tellraw: A Mojang provided command.
[00:37:28] [Server thread/INFO]: /tick: A Mojang provided command.
[00:37:28] [Server thread/INFO]: /time: A Mojang provided command.
[00:37:28] [Server thread/INFO]: /timings: Manages Spigot Timings data to see performance of the server.
[00:37:28] [Server thread/INFO]: /title: A Mojang provided command.
[00:37:28] [Server thread/INFO]: /tm: A Mojang provided command.
[00:37:28] [Server thread/INFO]: /tp: A Mojang provided command.
[00:37:28] [Server thread/INFO]: /tps: Gets the current ticks per second for the server
[00:37:28] [Server thread/INFO]: /transfer: A Mojang provided command.
[00:37:28] [Server thread/INFO]: /trigger: A Mojang provided command.
[00:37:28] [Server thread/INFO]: /version: Gets the version of this server including any plugins in use
[00:37:28] [Server thread/INFO]: /w: A Mojang provided command.
[00:37:28] [Server thread/INFO]: /weather: A Mojang provided command.
[00:37:28] [Server thread/INFO]: /whitelist: A Mojang provided command.
[00:37:28] [Server thread/INFO]: /worldborder: A Mojang provided command.
[00:37:28] [Server thread/INFO]: /xp: A Mojang provided command.
[00:37:35] [Server thread/INFO]: Made mikann99 a server operator
[00:38:17] [Server thread/INFO]: mikann99 issued server command: /chunky radius 20000
[00:38:51] [Server thread/INFO]: mikann99 issued server command: /chunky start
[00:38:53] [Server thread/INFO]: [Chunky] Task running for world. Processed: 105 chunks (0.00%), ETA: 23:11:57, Rate: 74.9 cps, Current: 12, 0
[00:38:54] [Server thread/INFO]: [Chunky] Task running for world. Processed: 132 chunks (0.00%), ETA: 33:33:05, Rate: 51.8 cps, Current: 13, 0
[00:38:56] [Server thread/INFO]: [Chunky] Task running for world. Processed: 255 chunks (0.00%), ETA: 27:39:20, Rate: 62.8 cps, Current: 14, 10
[00:38:57] [Server thread/INFO]: [Chunky] Task running for world. Processed: 264 chunks (0.00%), ETA: 33:27:31, Rate: 51.9 cps, Current: 15, 0
[00:38:58] [Server thread/INFO]: [Chunky] Task running for world. Processed: 283 chunks (0.00%), ETA: 37:32:30, Rate: 46.3 cps, Current: 5, 20
[00:38:59] [Server thread/INFO]: [Chunky] Task running for world. Processed: 301 chunks (0.00%), ETA: 42:03:00, Rate: 41.3 cps, Current: 2, 21
[00:39:00] [Server thread/INFO]: [Chunky] Task running for world. Processed: 308 chunks (0.00%), ETA: 47:33:11, Rate: 36.5 cps, Current: 1, 21
[00:39:01] [Server thread/INFO]: [Chunky] Task running for world. Processed: 312 chunks (0.00%), ETA: 53:28:52, Rate: 32.5 cps, Current: 1, 22
[00:39:02] [Server thread/INFO]: [Chunky] Task running for world. Processed: 325 chunks (0.01%), ETA: 57:10:26, Rate: 30.4 cps, Current: 3, 24
[00:39:03] [Server thread/INFO]: [Chunky] Task running for world. Processed: 349 chunks (0.01%), ETA: 59:15:21, Rate: 29.3 cps, Current: 3, 30
[00:39:04] [Server thread/INFO]: [Chunky] Task running for world. Processed: 358 chunks (0.01%), ETA: 62:47:03, Rate: 27.7 cps, Current: 4, 30
[00:39:06] [Server thread/INFO]: [Chunky] Task running for world. Processed: 380 chunks (0.01%), ETA: 64:33:12, Rate: 26.9 cps, Current: 9, 25
[00:39:07] [Server thread/INFO]: [Chunky] Task running for world. Processed: 386 chunks (0.01%), ETA: 68:48:25, Rate: 25.3 cps, Current: 8, 26
[00:39:08] [Server thread/INFO]: [Chunky] Task running for world. Processed: 402 chunks (0.01%), ETA: 72:27:37, Rate: 24.0 cps, Current: 8, 30
[00:39:09] [Server thread/INFO]: [Chunky] Task running for world. Processed: 412 chunks (0.01%), ETA: 75:08:00, Rate: 23.1 cps, Current: 8, 31
[00:39:11] [Server thread/INFO]: [Chunky] Task running for world. Processed: 417 chunks (0.01%), ETA: 79:43:40, Rate: 21.8 cps, Current: 12, 27
[00:39:12] [Server thread/INFO]: [Chunky] Task running for world. Processed: 450 chunks (0.01%), ETA: 77:48:26, Rate: 22.3 cps, Current: 11, 22
[00:39:13] [Server thread/INFO]: [Chunky] Task running for world. Processed: 468 chunks (0.01%), ETA: 81:08:12, Rate: 21.4 cps, Current: 14, 26
[00:39:15] [Server thread/INFO]: [Chunky] Task running for world. Processed: 503 chunks (0.01%), ETA: 79:36:27, Rate: 21.8 cps, Current: 15, 16
[00:39:16] [Server thread/INFO]: [Chunky] Task running for world. Processed: 515 chunks (0.01%), ETA: 83:17:30, Rate: 20.9 cps, Current: 16, 18
[00:39:17] [Server thread/INFO]: [Chunky] Task running for world. Processed: 542 chunks (0.01%), ETA: 82:56:15, Rate: 20.9 cps, Current: 19, 17
[00:39:19] [Server thread/INFO]: [Chunky] Task running for world. Processed: 562 chunks (0.01%), ETA: 84:51:28, Rate: 20.5 cps, Current: 16, 26
[00:39:20] [Server thread/INFO]: [Chunky] Task running for world. Processed: 577 chunks (0.01%), ETA: 85:59:16, Rate: 20.2 cps, Current: 18, 23
[00:39:21] [Server thread/INFO]: [Chunky] Task running for world. Processed: 595 chunks (0.01%), ETA: 86:28:42, Rate: 20.1 cps, Current: 19, 24
[00:39:22] [Server thread/INFO]: [Chunky] Task running for world. Processed: 612 chunks (0.01%), ETA: 100:23:07, Rate: 17.3 cps, Current: 21, 25
[00:39:23] [Server thread/INFO]: [Chunky] Task running for world. Processed: 628 chunks (0.01%), ETA: 102:48:22, Rate: 16.9 cps, Current: 19, 31
[00:39:25] [Server thread/INFO]: [Chunky] Task running for world. Processed: 651 chunks (0.01%), ETA: 127:32:15, Rate: 13.6 cps, Current: 23, 30
[00:39:25] [Server thread/INFO]: mikann99 issued server command: /chunky progress
[00:39:26] [Server thread/INFO]: [Chunky] Task running for world. Processed: 660 chunks (0.01%), ETA: 128:47:04, Rate: 13.5 cps, Current: 25, 30
[00:39:27] [Server thread/INFO]: [Chunky] Task running for world. Processed: 679 chunks (0.01%), ETA: 129:39:34, Rate: 13.4 cps, Current: 25, 31
[00:39:28] [Server thread/INFO]: [Chunky] Task running for world. Processed: 700 chunks (0.01%), ETA: 128:14:21, Rate: 13.5 cps, Current: 29, 22
[00:39:29] [Server thread/INFO]: [Chunky] Task running for world. Processed: 719 chunks (0.01%), ETA: 124:05:56, Rate: 14.0 cps, Current: 25, 21
[00:39:30] [Server thread/INFO]: [Chunky] Task running for world. Processed: 739 chunks (0.01%), ETA: 118:52:58, Rate: 14.6 cps, Current: 27, 20
[00:39:31] [Server thread/INFO]: [Chunky] Task running for world. Processed: 756 chunks (0.01%), ETA: 117:35:19, Rate: 14.8 cps, Current: 29, 18
[00:39:33] [Server thread/INFO]: [Chunky] Task running for world. Processed: 762 chunks (0.01%), ETA: 123:11:32, Rate: 14.1 cps, Current: 29, 15
[00:39:34] [Server thread/INFO]: [Chunky] Task running for world. Processed: 778 chunks (0.01%), ETA: 121:20:44, Rate: 14.3 cps, Current: 28, 10
[00:39:35] [Server thread/INFO]: [Chunky] Task running for world. Processed: 790 chunks (0.01%), ETA: 123:54:02, Rate: 14.0 cps, Current: 31, 17
[00:39:36] [Server thread/INFO]: [Chunky] Task running for world. Processed: 813 chunks (0.01%), ETA: 119:18:27, Rate: 14.6 cps, Current: 24, 15
[00:39:37] [Server thread/INFO]: [Chunky] Task running for world. Processed: 851 chunks (0.01%), ETA: 112:01:21, Rate: 15.5 cps, Current: 23, 13
[00:39:38] [Server thread/INFO]: [Chunky] Task running for world. Processed: 883 chunks (0.01%), ETA: 106:54:40, Rate: 16.2 cps, Current: 17, 9
[00:39:40] [Server thread/INFO]: [Chunky] Task running for world. Processed: 913 chunks (0.01%), ETA: 101:15:11, Rate: 17.2 cps, Current: 22, 6
[00:39:41] [Server thread/INFO]: [Chunky] Task running for world. Processed: 938 chunks (0.01%), ETA: 103:02:00, Rate: 16.9 cps, Current: 17, 1
[00:39:42] [Server thread/INFO]: [Chunky] Task running for world. Processed: 954 chunks (0.02%), ETA: 101:05:29, Rate: 17.2 cps, Current: 19, 1
[00:39:43] [Server thread/INFO]: [Chunky] Task running for world. Processed: 974 chunks (0.02%), ETA: 100:40:00, Rate: 17.3 cps, Current: 26, 5
[00:39:44] [Server thread/INFO]: [Chunky] Task running for world. Processed: 994 chunks (0.02%), ETA: 103:04:43, Rate: 16.9 cps, Current: 29, 5
[00:39:45] [Server thread/INFO]: [Chunky] Task running for world. Processed: 1014 chunks (0.02%), ETA: 99:21:18, Rate: 17.5 cps, Current: 29, 2
[00:39:46] [Server thread/INFO]: [Chunky] Task running for world. Processed: 1025 chunks (0.02%), ETA: 100:45:42, Rate: 17.2 cps, Current: 32, 7
[00:39:47] [Server thread/INFO]: [Chunky] Task running for world. Processed: 1040 chunks (0.02%), ETA: 102:46:26, Rate: 16.9 cps, Current: 29, 0
[00:39:48] [Server thread/INFO]: [Chunky] Task running for world. Processed: 1052 chunks (0.02%), ETA: 102:26:31, Rate: 17.0 cps, Current: 37, 5
[00:39:49] [Server thread/INFO]: [Chunky] Task running for world. Processed: 1072 chunks (0.02%), ETA: 101:58:17, Rate: 17.0 cps, Current: 36, 1
[00:39:50] [Server thread/INFO]: [Chunky] Task running for world. Processed: 1077 chunks (0.02%), ETA: 104:38:18, Rate: 16.6 cps, Current: 39, 2
[00:39:51] [Server thread/INFO]: [Chunky] Task running for world. Processed: 1091 chunks (0.02%), ETA: 104:56:41, Rate: 16.6 cps, Current: 38, 0
[00:39:52] [Server thread/INFO]: [Chunky] Task running for world. Processed: 1104 chunks (0.02%), ETA: 105:06:07, Rate: 16.5 cps, Current: 39, 0
[00:39:54] [Server thread/INFO]: [Chunky] Task running for world. Processed: 1124 chunks (0.02%), ETA: 105:35:53, Rate: 16.5 cps, Current: 46, 3
[00:39:55] [Server thread/INFO]: [Chunky] Task running for world. Processed: 1134 chunks (0.02%), ETA: 107:22:18, Rate: 16.2 cps, Current: 41, 6
[00:39:56] [Server thread/INFO]: [Chunky] Task running for world. Processed: 1150 chunks (0.02%), ETA: 106:52:37, Rate: 16.3 cps, Current: 44, 7
[00:39:57] [Server thread/INFO]: [Chunky] Task running for world. Processed: 1152 chunks (0.02%), ETA: 111:43:12, Rate: 15.5 cps, Current: 40, 9
[00:39:59] [Server thread/INFO]: [Chunky] Task running for world. Processed: 1158 chunks (0.02%), ETA: 115:24:42, Rate: 15.1 cps, Current: 47, 5
[00:40:00] [Server thread/INFO]: [Chunky] Task running for world. Processed: 1169 chunks (0.02%), ETA: 117:52:26, Rate: 14.7 cps, Current: 46, 8
[00:40:01] [Server thread/INFO]: [Chunky] Task running for world. Processed: 1172 chunks (0.02%), ETA: 122:07:37, Rate: 14.2 cps, Current: 45, 11
[00:40:02] [Server thread/INFO]: [Chunky] Task running for world. Processed: 1187 chunks (0.02%), ETA: 118:26:44, Rate: 14.7 cps, Current: 41, 12
[00:40:03] [Server thread/INFO]: [Chunky] Task running for world. Processed: 1198 chunks (0.02%), ETA: 119:51:07, Rate: 14.5 cps, Current: 45, 14
[00:40:04] [Server thread/INFO]: [Chunky] Task running for world. Processed: 1216 chunks (0.02%), ETA: 117:54:55, Rate: 14.7 cps, Current: 42, 14
[00:40:05] [Server thread/INFO]: [Chunky] Task running for world. Processed: 1266 chunks (0.02%), ETA: 109:14:24, Rate: 15.9 cps, Current: 41, 15
[00:40:06] [Server thread/INFO]: [Chunky] Task running for world. Processed: 1285 chunks (0.02%), ETA: 109:43:08, Rate: 15.8 cps, Current: 33, 16
[00:40:07] [Server thread/INFO]: [Chunky] Task running for world. Processed: 1311 chunks (0.02%), ETA: 112:27:28, Rate: 15.4 cps, Current: 37, 18
[00:40:08] [Server thread/INFO]: [Chunky] Task running for world. Processed: 1327 chunks (0.02%), ETA: 116:24:12, Rate: 14.9 cps, Current: 38, 19
[00:40:09] [Server thread/INFO]: [Chunky] Task running for world. Processed: 1347 chunks (0.02%), ETA: 118:33:49, Rate: 14.7 cps, Current: 39, 19
[00:40:10] [Server thread/INFO]: [Chunky] Task running for world. Processed: 1376 chunks (0.02%), ETA: 117:29:55, Rate: 14.8 cps, Current: 33, 31
[00:40:12] [Server thread/INFO]: [Chunky] Task running for world. Processed: 1390 chunks (0.02%), ETA: 118:40:06, Rate: 14.6 cps, Current: 34, 31
[00:40:13] [Server thread/INFO]: [Chunky] Task running for world. Processed: 1412 chunks (0.02%), ETA: 121:06:00, Rate: 14.3 cps, Current: 40, 29
[00:40:14] [Server thread/INFO]: [Chunky] Task running for world. Processed: 1428 chunks (0.02%), ETA: 122:22:02, Rate: 14.2 cps, Current: 43, 29
[00:40:15] [Server thread/INFO]: [Chunky] Task running for world. Processed: 1444 chunks (0.02%), ETA: 121:35:48, Rate: 14.3 cps, Current: 41, 31
[00:40:16] [Server thread/INFO]: [Chunky] Task running for world. Processed: 1465 chunks (0.02%), ETA: 119:55:14, Rate: 14.5 cps, Current: 44, 31
[00:40:17] [Server thread/INFO]: [Chunky] Task running for world. Processed: 1480 chunks (0.02%), ETA: 119:06:07, Rate: 14.6 cps, Current: 45, 31
[00:40:18] [Server thread/INFO]: [Chunky] Task running for world. Processed: 1530 chunks (0.02%), ETA: 111:32:37, Rate: 15.6 cps, Current: 47, 22
[00:40:20] [Server thread/INFO]: [Chunky] Task running for world. Processed: 1538 chunks (0.02%), ETA: 111:08:19, Rate: 15.6 cps, Current: 48, 17
[00:40:21] [Server thread/INFO]: [Chunky] Task running for world. Processed: 1551 chunks (0.02%), ETA: 111:44:01, Rate: 15.5 cps, Current: 50, 19
[00:40:22] [Server thread/INFO]: [Chunky] Task running for world. Processed: 1574 chunks (0.03%), ETA: 109:33:50, Rate: 15.9 cps, Current: 48, 22
[00:40:23] [Server thread/INFO]: [Chunky] Task running for world. Processed: 1592 chunks (0.03%), ETA: 110:01:11, Rate: 15.8 cps, Current: 48, 28
[00:40:24] [Server thread/INFO]: [Chunky] Task running for world. Processed: 1618 chunks (0.03%), ETA: 106:31:59, Rate: 16.3 cps, Current: 51, 24
[00:40:25] [Server thread/INFO]: [Chunky] Task running for world. Processed: 1644 chunks (0.03%), ETA: 102:09:07, Rate: 17.0 cps, Current: 56, 24
[00:40:26] [Server thread/INFO]: [Chunky] Task running for world. Processed: 1652 chunks (0.03%), ETA: 100:25:45, Rate: 17.3 cps, Current: 51, 31
[00:40:27] [Server thread/INFO]: [Chunky] Task running for world. Processed: 1671 chunks (0.03%), ETA: 100:12:00, Rate: 17.3 cps, Current: 56, 29
[00:40:29] [Server thread/INFO]: [Chunky] Task running for world. Processed: 1683 chunks (0.03%), ETA: 98:54:18, Rate: 17.6 cps, Current: 56, 30
[00:40:30] [Server thread/INFO]: [Chunky] Task running for world. Processed: 1697 chunks (0.03%), ETA: 98:14:32, Rate: 17.7 cps, Current: 59, 30
[00:40:31] [Server thread/INFO]: [Chunky] Task running for world. Processed: 1713 chunks (0.03%), ETA: 95:48:31, Rate: 18.1 cps, Current: 58, 31
[00:40:32] [Server thread/INFO]: mikann99 lost connection: Timed out
[00:40:32] [Server thread/INFO]: mikann99 left the game
[00:40:32] [Server thread/INFO]: [Chunky] Task running for world. Processed: 1729 chunks (0.03%), ETA: 94:55:20, Rate: 18.3 cps, Current: 61, 31
[00:40:33] [Server thread/INFO]: [Chunky] Task running for world. Processed: 1753 chunks (0.03%), ETA: 94:17:45, Rate: 18.4 cps, Current: 63, 25
[00:40:34] [Server thread/INFO]: [Chunky] Task running for world. Processed: 1774 chunks (0.03%), ETA: 100:20:25, Rate: 17.3 cps, Current: 58, 17
[00:40:36] [Server thread/INFO]: [Chunky] Task running for world. Processed: 1786 chunks (0.03%), ETA: 103:41:39, Rate: 16.8 cps, Current: 62, 18
[00:40:38] [Server thread/INFO]: [Chunky] Task running for world. Processed: 1802 chunks (0.03%), ETA: 107:44:15, Rate: 16.1 cps, Current: 61, 10
[00:40:39] [Server thread/INFO]: [Chunky] Task running for world. Processed: 1826 chunks (0.03%), ETA: 106:36:02, Rate: 16.3 cps, Current: 63, 14
[00:40:40] [Server thread/INFO]: [Chunky] Task running for world. Processed: 1834 chunks (0.03%), ETA: 111:44:33, Rate: 15.5 cps, Current: 57, 11
[00:40:41] [Server thread/INFO]: [Chunky] Task running for world. Processed: 1856 chunks (0.03%), ETA: 109:52:34, Rate: 15.8 cps, Current: 59, 8
[00:40:42] [Server thread/INFO]: [Chunky] Task running for world. Processed: 1883 chunks (0.03%), ETA: 107:46:11, Rate: 16.1 cps, Current: 55, 12
[00:40:44] [Server thread/INFO]: [Chunky] Task running for world. Processed: 1922 chunks (0.03%), ETA: 103:36:39, Rate: 16.8 cps, Current: 48, 7
[00:40:45] [Server thread/INFO]: [Chunky] Task running for world. Processed: 1948 chunks (0.03%), ETA: 101:09:35, Rate: 17.2 cps, Current: 50, 3
[00:40:46] [Server thread/INFO]: [Chunky] Task running for world. Processed: 1966 chunks (0.03%), ETA: 101:59:57, Rate: 17.0 cps, Current: 49, 0
[00:40:47] [Server thread/INFO]: [Chunky] Task running for world. Processed: 1992 chunks (0.03%), ETA: 100:16:56, Rate: 17.3 cps, Current: 50, 0
[00:40:48] [Server thread/INFO]: [Chunky] Task running for world. Processed: 2011 chunks (0.03%), ETA: 107:16:20, Rate: 16.2 cps, Current: 54, 0
[00:40:49] [Server thread/INFO]: [Chunky] Task running for world. Processed: 2031 chunks (0.03%), ETA: 103:45:57, Rate: 16.7 cps, Current: 62, 5
[00:40:50] [Server thread/INFO]: [Chunky] Task running for world. Processed: 2037 chunks (0.03%), ETA: 104:50:24, Rate: 16.6 cps, Current: 61, 1
[00:40:51] [Server thread/INFO]: [Chunky] Task running for world. Processed: 2041 chunks (0.03%), ETA: 109:11:21, Rate: 15.9 cps, Current: 62, 1
[00:40:53] [Server thread/INFO]: [Chunky] Task running for world. Processed: 2047 chunks (0.03%), ETA: 111:39:59, Rate: 15.6 cps, Current: 61, 0
[00:40:55] [Server thread/INFO]: [Chunky] Task running for world. Processed: 2057 chunks (0.03%), ETA: 122:55:24, Rate: 14.1 cps, Current: 63, 0
[00:40:56] [Server thread/INFO]: [Chunky] Task running for world. Processed: 2062 chunks (0.03%), ETA: 123:59:07, Rate: 14.0 cps, Current: 32, -31
[00:40:57] [Server thread/INFO]: [Chunky] Task running for world. Processed: 2077 chunks (0.03%), ETA: 126:04:57, Rate: 13.8 cps, Current: 32, -27
[00:40:58] [Server thread/INFO]: [Chunky] Task running for world. Processed: 2081 chunks (0.03%), ETA: 130:02:34, Rate: 13.4 cps, Current: 32, -26
[00:41:00] [Server thread/INFO]: [Chunky] Task running for world. Processed: 2099 chunks (0.03%), ETA: 133:53:26, Rate: 13.0 cps, Current: 37, -25
[00:41:01] [Server thread/INFO]: [Chunky] Task running for world. Processed: 2107 chunks (0.03%), ETA: 135:19:41, Rate: 12.8 cps, Current: 39, -26
[00:41:03] [Server thread/INFO]: [Chunky] Task running for world. Processed: 2115 chunks (0.03%), ETA: 141:52:01, Rate: 12.2 cps, Current: 38, -32
[00:41:04] [Server thread/INFO]: [Chunky] Task running for world. Processed: 2136 chunks (0.03%), ETA: 141:00:53, Rate: 12.3 cps, Current: 46, -31
[00:41:05] [Server thread/INFO]: [Chunky] Task running for world. Processed: 2151 chunks (0.03%), ETA: 137:32:16, Rate: 12.6 cps, Current: 40, -26
[00:41:06] [Server thread/INFO]: [Chunky] Task running for world. Processed: 2172 chunks (0.03%), ETA: 132:46:02, Rate: 13.1 cps, Current: 47, -28
[00:41:07] [Server thread/INFO]: [Chunky] Task running for world. Processed: 2184 chunks (0.03%), ETA: 133:09:20, Rate: 13.0 cps, Current: 42, -23
[00:41:08] [Server thread/INFO]: [Chunky] Task running for world. Processed: 2197 chunks (0.04%), ETA: 137:57:40, Rate: 12.6 cps, Current: 47, -24
[00:41:09] [Server thread/INFO]: [Chunky] Task running for world. Processed: 2214 chunks (0.04%), ETA: 134:12:18, Rate: 12.9 cps, Current: 41, -20
[00:41:10] [Server thread/INFO]: [Chunky] Task running for world. Processed: 2235 chunks (0.04%), ETA: 133:35:52, Rate: 13.0 cps, Current: 38, -24
[00:41:11] [Server thread/INFO]: [Chunky] Task running for world. Processed: 2253 chunks (0.04%), ETA: 136:37:57, Rate: 12.7 cps, Current: 43, -17
[00:41:13] [Server thread/INFO]: [Chunky] Task running for world. Processed: 2273 chunks (0.04%), ETA: 143:20:45, Rate: 12.1 cps, Current: 38, -17
[00:41:14] [Server thread/INFO]: [Chunky] Task running for world. Processed: 2289 chunks (0.04%), ETA: 147:08:08, Rate: 11.8 cps, Current: 33, -22
[00:41:15] [Server thread/INFO]: [Chunky] Task running for world. Processed: 2306 chunks (0.04%), ETA: 147:39:12, Rate: 11.8 cps, Current: 37, -15
[00:41:16] [Server thread/INFO]: [Chunky] Task running for world. Processed: 2322 chunks (0.04%), ETA: 153:56:04, Rate: 11.3 cps, Current: 37, -13
[00:41:18] [Server thread/INFO]: [Chunky] Task running for world. Processed: 2342 chunks (0.04%), ETA: 153:23:50, Rate: 11.3 cps, Current: 38, -12
[00:41:19] [Server thread/INFO]: [Chunky] Task running for world. Processed: 2353 chunks (0.04%), ETA: 158:47:23, Rate: 10.9 cps, Current: 39, -12
[00:41:20] [Server thread/INFO]: [Chunky] Task running for world. Processed: 2360 chunks (0.04%), ETA: 158:29:52, Rate: 11.0 cps, Current: 33, -9
[00:41:21] [Server thread/INFO]: [Chunky] Task running for world. Processed: 2401 chunks (0.04%), ETA: 142:02:07, Rate: 12.2 cps, Current: 36, -1
[00:41:22] [Server thread/INFO]: [Chunky] Task running for world. Processed: 2441 chunks (0.04%), ETA: 129:55:23, Rate: 13.4 cps, Current: 41, -1
[00:41:23] [Server thread/INFO]: [Chunky] Task running for world. Processed: 2465 chunks (0.04%), ETA: 121:23:55, Rate: 14.3 cps, Current: 45, -2
[00:41:24] [Server thread/INFO]: [Chunky] Task running for world. Processed: 2483 chunks (0.04%), ETA: 120:37:00, Rate: 14.4 cps, Current: 45, -7
[00:41:25] [Server thread/INFO]: [Chunky] Task running for world. Processed: 2515 chunks (0.04%), ETA: 113:21:04, Rate: 15.3 cps, Current: 46, -8
[00:41:26] [Server thread/INFO]: [Chunky] Task running for world. Processed: 2558 chunks (0.04%), ETA: 106:10:55, Rate: 16.4 cps, Current: 47, -11
[00:41:28] [Server thread/INFO]: [Chunky] Task running for world. Processed: 2563 chunks (0.04%), ETA: 105:47:22, Rate: 16.4 cps, Current: 48, -14
[00:41:29] [Server thread/INFO]: [Chunky] Task running for world. Processed: 2584 chunks (0.04%), ETA: 101:30:57, Rate: 17.1 cps, Current: 49, -11
[00:41:30] [Server thread/INFO]: [Chunky] Task running for world. Processed: 2598 chunks (0.04%), ETA: 102:09:13, Rate: 17.0 cps, Current: 54, -12
[00:41:31] [Server thread/INFO]: [Chunky] Task running for world. Processed: 2612 chunks (0.04%), ETA: 101:06:25, Rate: 17.2 cps, Current: 48, -5
[00:41:32] [Server thread/INFO]: [Chunky] Task running for world. Processed: 2646 chunks (0.04%), ETA: 95:45:37, Rate: 18.1 cps, Current: 51, -1
[00:41:33] [Server thread/INFO]: [Chunky] Task running for world. Processed: 2683 chunks (0.04%), ETA: 93:15:42, Rate: 18.6 cps, Current: 55, -7
[00:41:34] [Server thread/INFO]: [Chunky] Task running for world. Processed: 2708 chunks (0.04%), ETA: 90:57:52, Rate: 19.1 cps, Current: 59, -2
[00:41:35] [Server thread/INFO]: [Chunky] Task running for world. Processed: 2730 chunks (0.04%), ETA: 91:14:33, Rate: 19.0 cps, Current: 62, -2
[00:41:37] [Server thread/INFO]: [Chunky] Task running for world. Processed: 2758 chunks (0.04%), ETA: 88:47:04, Rate: 19.6 cps, Current: 63, -3
[00:41:38] [Server thread/INFO]: [Chunky] Task running for world. Processed: 2779 chunks (0.04%), ETA: 87:56:51, Rate: 19.7 cps, Current: 63, -7
[00:41:39] [Server thread/INFO]: [Chunky] Task running for world. Processed: 2797 chunks (0.04%), ETA: 87:46:43, Rate: 19.8 cps, Current: 63, -12
[00:41:40] [Server thread/INFO]: [Chunky] Task running for world. Processed: 2812 chunks (0.04%), ETA: 89:37:05, Rate: 19.4 cps, Current: 61, -17
[00:41:41] [Server thread/INFO]: [Chunky] Task running for world. Processed: 2825 chunks (0.05%), ETA: 90:33:16, Rate: 19.2 cps, Current: 63, -14
[00:41:42] [Server thread/INFO]: [Chunky] Task running for world. Processed: 2849 chunks (0.05%), ETA: 89:31:02, Rate: 19.4 cps, Current: 63, -17
[00:41:43] [Server thread/INFO]: [Chunky] Task running for world. Processed: 2861 chunks (0.05%), ETA: 90:21:58, Rate: 19.2 cps, Current: 55, -17
[00:41:44] [Server thread/INFO]: [Chunky] Task running for world. Processed: 2893 chunks (0.05%), ETA: 87:46:58, Rate: 19.8 cps, Current: 55, -19
[00:41:46] [Server thread/INFO]: [Chunky] Task running for world. Processed: 2939 chunks (0.05%), ETA: 82:29:12, Rate: 21.1 cps, Current: 54, -24
[00:41:47] [Server thread/INFO]: [Chunky] Task running for world. Processed: 2967 chunks (0.05%), ETA: 80:50:19, Rate: 21.5 cps, Current: 48, -32
[00:41:48] [Server thread/INFO]: [Chunky] Task running for world. Processed: 2986 chunks (0.05%), ETA: 79:16:13, Rate: 21.9 cps, Current: 49, -31
[00:41:49] [Server thread/INFO]: [Chunky] Task running for world. Processed: 3012 chunks (0.05%), ETA: 77:10:54, Rate: 22.5 cps, Current: 50, -32
[00:41:50] [Server thread/INFO]: [Chunky] Task running for world. Processed: 3037 chunks (0.05%), ETA: 79:26:40, Rate: 21.9 cps, Current: 61, -26
[00:41:52] [Server thread/INFO]: [Chunky] Task running for world. Processed: 3054 chunks (0.05%), ETA: 83:26:38, Rate: 20.8 cps, Current: 62, -27
[00:41:53] [Server thread/INFO]: [Chunky] Task running for world. Processed: 3058 chunks (0.05%), ETA: 85:59:04, Rate: 20.2 cps, Current: 62, -28
[00:41:54] [Server thread/INFO]: [Chunky] Task running for world. Processed: 3064 chunks (0.05%), ETA: 91:34:18, Rate: 19.0 cps, Current: 62, -30
[00:41:55] [Server thread/INFO]: [Chunky] Task running for world. Processed: 3068 chunks (0.05%), ETA: 98:35:53, Rate: 17.6 cps, Current: 61, -32
[00:41:57] [Server thread/INFO]: [Chunky] Task running for world. Processed: 3080 chunks (0.05%), ETA: 99:01:32, Rate: 17.5 cps, Current: 1, -27
[00:41:59] [Server thread/INFO]: [Chunky] Task running for world. Processed: 3087 chunks (0.05%), ETA: 102:24:36, Rate: 17.0 cps, Current: 4, -27
[00:42:00] [Server thread/INFO]: [Chunky] Task running for world. Processed: 3108 chunks (0.05%), ETA: 101:20:48, Rate: 17.1 cps, Current: 0, -26
[00:42:01] [Server thread/INFO]: [Chunky] Task running for world. Processed: 3123 chunks (0.05%), ETA: 105:04:37, Rate: 16.5 cps, Current: 5, -31
[00:42:02] [Server thread/INFO]: [Chunky] Task running for world. Processed: 3125 chunks (0.05%), ETA: 108:16:44, Rate: 16.0 cps, Current: 6, -31
[00:42:03] [Server thread/INFO]: [Chunky] Task running for world. Processed: 3140 chunks (0.05%), ETA: 116:53:43, Rate: 14.9 cps, Current: 11, -30
[00:42:04] [Server thread/INFO]: [Chunky] Task running for world. Processed: 3165 chunks (0.05%), ETA: 115:22:25, Rate: 15.1 cps, Current: 9, -27
[00:42:06] [Server thread/INFO]: [Chunky] Task running for world. Processed: 3179 chunks (0.05%), ETA: 119:35:31, Rate: 14.5 cps, Current: 8, -24
[00:42:07] [Server thread/INFO]: [Chunky] Task running for world. Processed: 3198 chunks (0.05%), ETA: 119:06:39, Rate: 14.6 cps, Current: 15, -28
[00:42:08] [Server thread/INFO]: [Chunky] Task running for world. Processed: 3209 chunks (0.05%), ETA: 122:02:00, Rate: 14.2 cps, Current: 8, -22
[00:42:09] [Server thread/INFO]: [Chunky] Task running for world. Processed: 3223 chunks (0.05%), ETA: 121:40:18, Rate: 14.3 cps, Current: 13, -19
[00:42:10] [Server thread/INFO]: [Chunky] Task running for world. Processed: 3241 chunks (0.05%), ETA: 120:50:20, Rate: 14.4 cps, Current: 8, -19
[00:42:11] [Server thread/INFO]: [Chunky] Task running for world. Processed: 3262 chunks (0.05%), ETA: 118:20:46, Rate: 14.7 cps, Current: 15, -21
[00:42:12] [Server thread/INFO]: [Chunky] Task running for world. Processed: 3284 chunks (0.05%), ETA: 119:15:03, Rate: 14.6 cps, Current: 4, -23
[00:42:13] [Server thread/INFO]: [Chunky] Task running for world. Processed: 3298 chunks (0.05%), ETA: 118:25:14, Rate: 14.7 cps, Current: 2, -23
[00:42:15] [Server thread/INFO]: [Chunky] Task running for world. Processed: 3505 chunks (0.06%), ETA: 89:30:00, Rate: 19.4 cps, Current: 11, -13
[00:42:16] [Server thread/INFO]: [Chunky] Task running for world. Processed: 3551 chunks (0.06%), ETA: 87:29:15, Rate: 19.8 cps, Current: 15, -2
[00:42:17] [Server thread/INFO]: [Chunky] Task running for world. Processed: 3574 chunks (0.06%), ETA: 86:37:08, Rate: 20.0 cps, Current: 15, -15
[00:42:18] [Server thread/INFO]: [Chunky] Task running for world. Processed: 3587 chunks (0.06%), ETA: 88:32:15, Rate: 19.6 cps, Current: 17, -15
[00:42:19] [Server thread/INFO]: [Chunky] Task running for world. Processed: 3601 chunks (0.06%), ETA: 90:03:40, Rate: 19.3 cps, Current: 17, -12
[00:42:21] [Server thread/INFO]: [Chunky] Task running for world. Processed: 3624 chunks (0.06%), ETA: 88:26:11, Rate: 19.6 cps, Current: 19, -16
[00:42:22] [Server thread/INFO]: [Chunky] Task running for world. Processed: 3650 chunks (0.06%), ETA: 85:12:07, Rate: 20.4 cps, Current: 18, -9
[00:42:23] [Server thread/INFO]: [Chunky] Task running for world. Processed: 3667 chunks (0.06%), ETA: 81:53:26, Rate: 21.2 cps, Current: 23, -10
[00:42:24] [Server thread/INFO]: [Chunky] Task running for world. Processed: 3708 chunks (0.06%), ETA: 79:48:17, Rate: 21.8 cps, Current: 23, -2
[00:42:25] [Server thread/INFO]: [Chunky] Task running for world. Processed: 3740 chunks (0.06%), ETA: 76:26:16, Rate: 22.7 cps, Current: 31, -3
[00:42:26] [Server thread/INFO]: [Chunky] Task running for world. Processed: 3784 chunks (0.06%), ETA: 70:47:43, Rate: 24.5 cps, Current: 25, -9
[00:42:27] [Server thread/INFO]: [Chunky] Task running for world. Processed: 3836 chunks (0.06%), ETA: 68:35:16, Rate: 25.3 cps, Current: 31, -18
[00:42:28] [Server thread/INFO]: [Chunky] Task running for world. Processed: 3853 chunks (0.06%), ETA: 67:31:17, Rate: 25.7 cps, Current: 29, -18
[00:42:30] [Server thread/INFO]: [Chunky] Task running for world. Processed: 3882 chunks (0.06%), ETA: 66:56:10, Rate: 25.9 cps, Current: 29, -23
[00:42:31] [Server thread/INFO]: [Chunky] Task running for world. Processed: 3911 chunks (0.06%), ETA: 65:33:00, Rate: 26.5 cps, Current: 24, -19
[00:42:32] [Server thread/INFO]: [Chunky] Task running for world. Processed: 3924 chunks (0.06%), ETA: 64:39:11, Rate: 26.9 cps, Current: 16, -22
[00:42:33] [Server thread/INFO]: [Chunky] Task running for world. Processed: 3969 chunks (0.06%), ETA: 62:36:08, Rate: 27.7 cps, Current: 23, -25
[00:42:34] [Server thread/INFO]: [Chunky] Task running for world. Processed: 3994 chunks (0.06%), ETA: 61:23:03, Rate: 28.3 cps, Current: 18, -28
[00:42:35] [Server thread/INFO]: [Chunky] Task running for world. Processed: 4014 chunks (0.06%), ETA: 62:05:25, Rate: 28.0 cps, Current: 17, -32
[00:42:37] [Server thread/INFO]: [Chunky] Task running for world. Processed: 4040 chunks (0.06%), ETA: 61:39:17, Rate: 28.2 cps, Current: 18, -32
[00:42:38] [Server thread/INFO]: [Chunky] Task running for world. Processed: 4067 chunks (0.07%), ETA: 60:06:35, Rate: 28.9 cps, Current: 22, -32
[00:42:41] [Server thread/INFO]: [Chunky] Task running for world. Processed: 4097 chunks (0.07%), ETA: 62:17:59, Rate: 27.9 cps, Current: -30, -27
[00:42:43] [Server thread/INFO]: [Chunky] Task running for world. Processed: 4109 chunks (0.07%), ETA: 62:31:33, Rate: 27.8 cps, Current: -31, -27
[00:42:44] [Server thread/INFO]: [Chunky] Task running for world. Processed: 4118 chunks (0.07%), ETA: 81:24:49, Rate: 21.3 cps, Current: -29, -29
[00:42:45] [Server thread/INFO]: [Chunky] Task running for world. Processed: 4136 chunks (0.07%), ETA: 82:10:28, Rate: 21.1 cps, Current: -28, -30
[00:42:46] [Server thread/INFO]: [Chunky] Task running for world. Processed: 4153 chunks (0.07%), ETA: 85:57:22, Rate: 20.2 cps, Current: -28, -31
[00:42:47] [Server thread/INFO]: [Chunky] Task running for world. Processed: 4154 chunks (0.07%), ETA: 88:28:05, Rate: 19.6 cps, Current: -28, -32
[00:42:48] [Server thread/INFO]: [Chunky] Task running for world. Processed: 4159 chunks (0.07%), ETA: 90:18:53, Rate: 19.2 cps, Current: -24, -30
[00:42:50] [Server thread/INFO]: [Chunky] Task running for world. Processed: 4164 chunks (0.07%), ETA: 94:07:07, Rate: 18.4 cps, Current: -21, -30
[00:42:51] [Server thread/INFO]: [Chunky] Task running for world. Processed: 4167 chunks (0.07%), ETA: 98:31:56, Rate: 17.6 cps, Current: -23, -29
[00:42:52] [Server thread/INFO]: [Chunky] Task running for world. Processed: 4194 chunks (0.07%), ETA: 96:54:45, Rate: 17.9 cps, Current: -18, -30
[00:42:53] [Server thread/INFO]: [Chunky] Task running for world. Processed: 4202 chunks (0.07%), ETA: 103:03:01, Rate: 16.8 cps, Current: -21, -26
[00:42:55] [Server thread/INFO]: [Chunky] Task running for world. Processed: 4218 chunks (0.07%), ETA: 106:56:56, Rate: 16.2 cps, Current: -17, -29
[00:42:56] [Server thread/INFO]: [Chunky] Task running for world. Processed: 4237 chunks (0.07%), ETA: 113:54:04, Rate: 15.2 cps, Current: -24, -23
[00:42:57] [Server thread/INFO]: [Chunky] Task running for world. Processed: 4249 chunks (0.07%), ETA: 124:44:17, Rate: 13.9 cps, Current: -17, -23
